<?xml version="1.0" encoding="UTF-8"?>
<!-- Generated by org.testng.reporters.JUnitReportReporter -->
<testsuite hostname="LAPTOP-C05A25AI" failures="0" tests="1" name="com.citi.mbd.TestCases.TC_LoginTest_001" time="0.935" errors="0" timestamp="2024-10-14T15:39:31 IST" skipped="0">
  <testcase classname="com.citi.mbd.TestCases.TC_LoginTest_001" name="loginTest" time="0.935"/>
  <system-out/>
</testsuite> <!-- com.citi.mbd.TestCases.TC_LoginTest_001 -->
