<?xml version="1.0" encoding="UTF-8"?>
<!-- Generated by org.testng.reporters.JUnitReportReporter -->
<testsuite hostname="LAPTOP-C05A25AI" failures="0" tests="4" name="com.testrunner.TestRunner2" time="18.768" errors="0" timestamp="2024-08-27T20:27:25 IST" skipped="0">
  <testcase classname="com.testrunner.TestRunner2" name="runScenario" time="4.699"/>
  <testcase classname="com.testrunner.TestRunner2" name="runScenario" time="4.410"/>
  <testcase classname="com.testrunner.TestRunner2" name="runScenario" time="4.464"/>
  <testcase classname="com.testrunner.TestRunner2" name="runScenario" time="5.195"/>
</testsuite> <!-- com.testrunner.TestRunner2 -->
