<?xml version="1.0" encoding="UTF-8"?>
<!-- Generated by org.testng.reporters.JUnitReportReporter -->
<testsuite hostname="LAPTOP-C05A25AI" failures="0" tests="4" name="com.testrunner.TestRunner2" time="19.634" errors="0" timestamp="2024-08-29T14:20:26 IST" skipped="0">
  <testcase classname="com.testrunner.TestRunner2" name="runScenario" time="4.794"/>
  <testcase classname="com.testrunner.TestRunner2" name="runScenario" time="5.339"/>
  <testcase classname="com.testrunner.TestRunner2" name="runScenario" time="4.757"/>
  <testcase classname="com.testrunner.TestRunner2" name="runScenario" time="4.744"/>
</testsuite> <!-- com.testrunner.TestRunner2 -->
