<?xml version="1.0" encoding="UTF-8"?>
<!-- Generated by org.testng.reporters.JUnitReportReporter -->
<testsuite hostname="LAPTOP-C05A25AI" failures="0" tests="1" name="com.citi.mbd.TestCases.TC_LoginTest_001" time="0.990" errors="0" timestamp="30 Jan 2024 11:00:38 GMT" skipped="0">
  <testcase classname="com.citi.mbd.TestCases.TC_LoginTest_001" name="loginTest" time="0.990"/>
</testsuite> <!-- com.citi.mbd.TestCases.TC_LoginTest_001 -->
