<?xml version="1.0" encoding="UTF-8"?>
<!-- Generated by org.testng.reporters.JUnitReportReporter -->
<testsuite hostname="LAPTOP-C05A25AI" failures="0" tests="1" name="com.citi.mbd.TestCases.TC_LoginTest_001" time="1.044" errors="0" timestamp="14 Oct 2024 09:33:33 GMT" skipped="0">
  <testcase classname="com.citi.mbd.TestCases.TC_LoginTest_001" name="loginTest" time="1.044"/>
</testsuite> <!-- com.citi.mbd.TestCases.TC_LoginTest_001 -->
